15:09:47.298 index.js:4715 07/04/2025 15:09:47
[socket] Registering target: heartbeat
15:09:47.298 index.js:4715 07/04/2025 15:09:47
[socket] Connecting websocket: ws://192.168.1.82/ws
15:09:47.299 index.js:4715 07/04/2025 15:09:47
[socket] Setting target: notification
15:09:47.558 index.js:4715 07/04/2025 15:09:47
[socket] Setting target: 824782083
15:09:47.559 index.js:4715 07/04/2025 15:09:47
[socket] Cueing message {get: 824782083}
15:09:47.561 index.js:4715 07/04/2025 15:09:47
[socket] Setting target: 2539529911
15:09:47.562 index.js:4715 07/04/2025 15:09:47
[socket] Cueing message {get: 2539529911}
15:09:47.563 index.js:4715 07/04/2025 15:09:47
[socket] Setting target: 1771340376
15:09:47.563 index.js:4715 07/04/2025 15:09:47
[socket] Cueing message {get: 1771340376}
15:09:47.564 index.js:4715 07/04/2025 15:09:47
[socket] Setting target: 3569748327
15:09:47.564 index.js:4716 console.trace
log @ index.js:4716
setTarget @ index.js:4999
set descriptor @ index.js:5261
get children @ index.js:6646
render @ index.js:6658
set descriptor @ index.js:6630
(anonymous) @ index.js:6377
requestAnimationFrame
(anonymous) @ index.js:6369
createSection @ index.js:6355
(anonymous) @ index.js:6575
renderCurrentPage @ index.js:6574
render @ index.js:6587
loadConfigurations @ index.js:6277
await in loadConfigurations
connectedCallback @ index.js:6261
(anonymous) @ index.js:6604
15:09:47.565 index.js:4715 07/04/2025 15:09:47
[socket] Cueing message {get: 3569748327}
15:09:47.566 index.js:4715 07/04/2025 15:09:47
[socket] Setting target: 3018797200
15:09:47.567 index.js:4715 07/04/2025 15:09:47
[socket] Cueing message {get: 3018797200}
15:09:47.569 index.js:4715 07/04/2025 15:09:47
[socket] Setting target: 362298148
15:09:47.570 index.js:4715 07/04/2025 15:09:47
[socket] Cueing message {get: 362298148}
15:09:47.570 index.js:4715 07/04/2025 15:09:47
[socket] Setting target: 431233
15:09:47.571 index.js:4715 07/04/2025 15:09:47
[socket] Cueing message {get: 431233}
15:09:47.572 index.js:4715 07/04/2025 15:09:47
[socket] Setting target: 627952477
15:09:47.573 index.js:4715 07/04/2025 15:09:47
[socket] Cueing message {get: 627952477}
15:09:47.575 index.js:4715 07/04/2025 15:09:47
[socket] Setting target: 2405696470
15:09:47.575 index.js:4715 07/04/2025 15:09:47
[socket] Cueing message {get: 2405696470}
15:09:47.576 index.js:4715 07/04/2025 15:09:47
[socket] Setting target: 936928435
15:09:47.577 index.js:4715 07/04/2025 15:09:47
[socket] Cueing message {get: 936928435}
15:09:47.578 index.js:4715 07/04/2025 15:09:47
[socket] Setting target: 666618897
15:09:47.579 index.js:4715 07/04/2025 15:09:47
[socket] Cueing message {get: 666618897}
15:09:47.580 index.js:4715 07/04/2025 15:09:47
[socket] Setting target: 3749283751
15:09:47.581 index.js:4715 07/04/2025 15:09:47
[socket] Cueing message {get: 3749283751}
15:09:47.592 index.js:4715 07/04/2025 15:09:47
[socket] SOCKET SENDING:
 {allStatesRequest: true}
15:09:47.670 index.js:4715 07/04/2025 15:09:47
[socket] SOCKET SENDING:
 {get: '3749283751'}
15:09:47.675 index.js:4715 07/04/2025 15:09:47
[socket] SOCKET SENDING:
 {get: '3749283751'}
15:09:47.680 index.js:4715 07/04/2025 15:09:47
[socket] SOCKET SENDING:
 {get: '3749283751'}
15:09:47.685 index.js:4715 07/04/2025 15:09:47
[socket] SOCKET SENDING:
 {get: '3749283751'}
15:09:47.691 index.js:4715 07/04/2025 15:09:47
[socket] SOCKET SENDING:
 {get: '3749283751'}
15:09:47.696 index.js:4715 07/04/2025 15:09:47
[socket] SOCKET SENDING:
 {get: '3749283751'}
15:09:47.700 index.js:4715 07/04/2025 15:09:47
[socket] SOCKET SENDING:
 {get: '3749283751'}
15:09:47.706 index.js:4715 07/04/2025 15:09:47
[socket] SOCKET SENDING:
 {get: '3749283751'}
15:09:47.713 index.js:4715 07/04/2025 15:09:47
[socket] SOCKET SENDING:
 {get: '3749283751'}
15:09:47.715 index.js:4715 07/04/2025 15:09:47
[socket] SOCKET SENDING:
 {get: '3749283751'}
15:09:47.720 index.js:4715 07/04/2025 15:09:47
[socket] SOCKET SENDING:
 {get: '3749283751'}
15:09:47.727 index.js:4715 07/04/2025 15:09:47
[socket] SOCKET SENDING:
 {get: '3749283751'}
15:09:49.581 index.js:4715 07/04/2025 15:09:49
[socket] SOCKET RECEIVED:
  {"states":[{"hash":431233,"value":false},{"hash":134240750,"value":false},{"hash":313736047,"value":false},{"hash":343892977,"value":true},{"hash":362298148,"value":0},{"hash":570368243,"value":false},{"hash":627952477,"value":false},{"hash":666618897,"value":0},{"hash":721063196,"value":true},{"hash":748480285,"value":0},{"hash":756474627,"value":false},{"hash":773850583,"value":false},{"hash":824782083,"value":0},{"hash":936928435,"value":false},{"hash":998762341,"value":true},{"hash":1041711882,"value":0},{"hash":1101239736,"value":false},{"hash":1103145540,"value":786434},{"hash":1168588921,"value":0},{"hash":1282109782,"value":786434},{"hash":1291836804,"value":false},{"hash":1483048151,"value":false},{"hash":1541073354,"value":0},{"hash":1552688811,"value":false},{"hash":1581937258,"value":false},{"hash":1711197005,"value":false},{"hash":1762420137,"value":false},{"hash":1771340376,"value":false},{"hash":1948505786,"value":true},{"hash":1951357668,"value":12},{"hash":2019104905,"value":786434},{"hash":2122812135,"value":false},{"hash":2152625540,"value":100},{"hash":2166030126,"value":false},{"hash":2206102162,"value":false},{"hash":2308213873,"value":5},{"hash":2405696470,"value":false},{"hash":2532989225,"value":0},{"hash":2539529911,"value":0},{"hash":2565368844,"descriptor":{"recettes":[{"name":"11 7/8"}],"value":"11 7/8"}},{"hash":2620738621,"value":false},{"hash":2731028726,"value":0},{"hash":2736300668,"value":0},{"hash":2843041799,"value":10000},{"hash":2853133322,"value":false},{"hash":2864105056,"value":true},{"hash":2984797290,"value":20},{"hash":2986050054,"value":false},{"hash":3018797200,"value":0},{"hash":3030039596,"value":true},{"hash":3099259876,"value":false},{"hash":3132370279,"value":0},{"hash":3187488644,"value":20},{"hash":3335850172,"value":0},{"hash":3387538036,"value":true},{"hash":3432736329,"value":0},{"hash":3505331062,"value":false},{"hash":3526906192,"value":100},{"hash":3569748327,"value":false},{"hash":3626159173,"value":0},{"hash":3740987040,"value":100},{"hash":3749283751,"value":0},{"hash":3772375986,"value":false},{"hash":3779480165,"value":true},{"hash":3874886927,"value":false},{"hash":4031699079,"value":20},{"hash":4045003206,"value":0},{"hash":4059768218,"value":0},{"hash":4098079457,"value":false},{"hash":4098304980,"value":0},{"hash":4126332617,"value":0},{"hash":4137233651,"value":151},{"hash":4171829142,"value":786434},{"hash":4234803574,"value":false}]}
15:09:49.588 index.js:4715 07/04/2025 15:09:49
[socket] All states loaded from the server.
15:09:49.588 index.js:4715 07/04/2025 15:09:49
[socket] SOCKET SENDING:
 {initialStatesLoaded: true}
15:09:49.685 index.js:4715 07/04/2025 15:09:49
[socket] SOCKET RECEIVED:
  {"states":[{"hash":3749283751,"value":0}]}
15:09:49.937 index.js:4715 07/04/2025 15:09:49
[socket] SOCKET RECEIVED:
  {"states":[{"hash":3749283751,"value":0}]}
15:09:49.992 index.js:4715 07/04/2025 15:09:49
[socket] SOCKET RECEIVED:
  {"states":[{"hash":3749283751,"value":0}]}
15:09:50.283 index.js:4715 07/04/2025 15:09:50
[socket] SOCKET RECEIVED:
  {"states":[{"hash":3749283751,"value":0}]}
15:09:50.336 index.js:4715 07/04/2025 15:09:50
[socket] SOCKET RECEIVED:
  {"states":[{"hash":3749283751,"value":0}]}
15:09:50.571 index.js:4715 07/04/2025 15:09:50
[socket] SOCKET RECEIVED:
  {"states":[{"hash":3749283751,"value":0}]}
15:09:50.647 index.js:4715 07/04/2025 15:09:50
[socket] SOCKET RECEIVED:
  {"states":[{"hash":3749283751,"value":0}]}
15:09:50.722 index.js:4715 07/04/2025 15:09:50
[socket] SOCKET RECEIVED:
  {"states":[{"hash":3749283751,"value":0}]}
15:09:50.852 index.js:4715 07/04/2025 15:09:50
[socket] SOCKET RECEIVED:
  {"states":[{"hash":3749283751,"value":0}]}
15:09:50.910 index.js:4715 07/04/2025 15:09:50
[socket] SOCKET RECEIVED:
  {"states":[{"hash":3749283751,"value":0}]}
15:09:50.974 index.js:4715 07/04/2025 15:09:50
[socket] SOCKET RECEIVED:
  {"states":[{"hash":3749283751,"value":0}]}
15:09:51.054 index.js:4715 07/04/2025 15:09:51
[socket] SOCKET RECEIVED:
  {"states":[{"hash":3749283751,"value":0}]}
15:09:51.124 index.js:4715 07/04/2025 15:09:51
[socket] SOCKET RECEIVED:
  {"states":[{"hash":2565368844,"descriptor":{"items":["11 7/8"]}}]}
15:09:52.221 index.js:4715 07/04/2025 15:09:52
[socket] SOCKET RECEIVED:
  {"states":[{"hash":1041711882,"value":3.5},{"hash":1541073354,"value":0.5},{"hash":1581937258,"value":true},{"hash":2736300668,"value":11.875},{"hash":3132370279,"value":97},{"hash":3335850172,"value":6},{"hash":3749283751,"value":96}]}
15:09:52.282 index.js:4715 07/04/2025 15:09:52
[socket] SOCKET RECEIVED:
  {"notification":{"status":200,"type":"success","desc":"La longueur brute a été mise à jour"}}
15:09:52.811 index.js:4715 07/04/2025 15:09:52
[socket] SOCKET RECEIVED:
  {"notification":{"status":200,"type":"warning","desc":"Il est nécessaire d'aller à la position parc"}}
15:09:53.378 index.js:4715 07/04/2025 15:09:53
[socket] SOCKET RECEIVED:
  {"notification":{"status":200,"type":"success","desc":"Paramètres de persistance sauvegardés"}}
15:09:53.982 index.js:4715 07/04/2025 15:09:53
[socket] SOCKET RECEIVED:
  {"notification":{"status":200,"type":"success","desc":"La longueur du rebut a été mise à jour"}}
15:09:54.536 index.js:4715 07/04/2025 15:09:54
[socket] SOCKET RECEIVED:
  {"notification":{"status":200,"type":"success","desc":"Paramètres de persistance sauvegardés"}}
15:09:55.153 index.js:4715 07/04/2025 15:09:55
[socket] SOCKET RECEIVED:
  {"notification":{"status":200,"type":"success","desc":"L'offset de chargement a changé: 0.50[inch], nouvelle position de parc: 1.45\r\n"}}
15:09:55.705 index.js:4715 07/04/2025 15:09:55
[socket] SOCKET RECEIVED:
  {"notification":{"status":200,"type":"warning","desc":"Il faut aller en position parc"}}
15:09:56.298 index.js:4715 07/04/2025 15:09:56
[socket] SOCKET RECEIVED:
  {"notification":{"status":200,"type":"success","desc":"Paramètres de persistance sauvegardés"}}
15:09:56.874 index.js:4715 07/04/2025 15:09:56
[socket] SOCKET RECEIVED:
  {"notification":{"status":200,"type":"success","desc":"La butée droite a été mise à jour"}}
15:09:57.461 index.js:4715 07/04/2025 15:09:57
[socket] SOCKET RECEIVED:
  {"notification":{"status":200,"type":"success","desc":"Paramètres de persistance sauvegardés"}}
15:10:11.965 index.js:4715 07/04/2025 15:10:11
[socket] Setting target: 2565368844
15:10:11.970 index.js:4715 07/04/2025 15:10:11
[socket] Setting target: 3749283751
15:10:11.973 index.js:4715 07/04/2025 15:10:11
[socket] SOCKET SENDING:
 {get: 3749283751}
15:10:11.975 index.js:4715 07/04/2025 15:10:11
[socket] Setting target: 2736300668
15:10:11.975 index.js:4715 07/04/2025 15:10:11
[socket] SOCKET SENDING:
 {get: 2736300668}
15:10:11.976 index.js:4715 07/04/2025 15:10:11
[socket] Setting target: 1041711882
15:10:11.977 index.js:4715 07/04/2025 15:10:11
[socket] SOCKET SENDING:
 {get: 1041711882}
15:10:11.978 index.js:4715 07/04/2025 15:10:11
[socket] Setting target: 3335850172
15:10:11.979 index.js:4715 07/04/2025 15:10:11
[socket] SOCKET SENDING:
 {get: 3335850172}
15:10:11.980 index.js:4715 07/04/2025 15:10:11
[socket] Setting target: 1541073354
15:10:11.981 index.js:4715 07/04/2025 15:10:11
[socket] SOCKET SENDING:
 {get: 1541073354}
15:10:11.983 index.js:4715 07/04/2025 15:10:11
[socket] Setting target: 3132370279
15:10:11.985 index.js:4715 07/04/2025 15:10:11
[socket] SOCKET SENDING:
 {get: 3132370279}
15:10:11.987 index.js:4715 07/04/2025 15:10:11
[socket] Setting target: 1951357668
15:10:11.988 index.js:4715 07/04/2025 15:10:11
[socket] SOCKET SENDING:
 {get: 1951357668}
15:10:11.989 index.js:4715 07/04/2025 15:10:11
[socket] Setting target: 3187488644
15:10:11.990 index.js:4715 07/04/2025 15:10:11
[socket] SOCKET SENDING:
 {get: 3187488644}
15:10:11.992 index.js:4715 07/04/2025 15:10:11
[socket] Setting target: 3526906192
15:10:11.994 index.js:4715 07/04/2025 15:10:11
[socket] SOCKET SENDING:
 {get: 3526906192}
15:10:11.995 index.js:4715 07/04/2025 15:10:11
[socket] Setting target: 1168588921
15:10:11.996 index.js:4715 07/04/2025 15:10:11
[socket] SOCKET SENDING:
 {get: 1168588921}
15:10:11.999 index.js:4715 07/04/2025 15:10:11
[socket] Setting target: 3018797200
15:10:12.000 index.js:4715 07/04/2025 15:10:12
[socket] SOCKET SENDING:
 {get: 3018797200}
15:10:12.002 index.js:4715 07/04/2025 15:10:12
[socket] Setting target: 313736047
15:10:12.003 index.js:4715 07/04/2025 15:10:12
[socket] SOCKET SENDING:
 {get: 313736047}
15:10:12.004 index.js:4715 07/04/2025 15:10:12
[socket] Setting target: 1291836804
15:10:12.006 index.js:4715 07/04/2025 15:10:12
[socket] SOCKET SENDING:
 {get: 1291836804}
15:10:12.007 index.js:4715 07/04/2025 15:10:12
[socket] Setting target: 3772375986
15:10:12.008 index.js:4715 07/04/2025 15:10:12
[socket] SOCKET SENDING:
 {get: 3772375986}
15:10:12.009 index.js:4715 07/04/2025 15:10:12
[socket] Setting target: 1581937258
15:10:12.010 index.js:4715 07/04/2025 15:10:12
[socket] SOCKET SENDING:
 {get: 1581937258}
15:10:12.011 index.js:4715 07/04/2025 15:10:12
[socket] Setting target: 4098079457
15:10:12.012 index.js:4715 07/04/2025 15:10:12
[socket] SOCKET SENDING:
 {get: 4098079457}
15:10:12.299 index.js:4715 07/04/2025 15:10:12
[socket] SOCKET RECEIVED:
  {"states":[{"hash":3749283751,"value":96}]}
15:10:12.653 index.js:4715 07/04/2025 15:10:12
[socket] SOCKET RECEIVED:
  {"states":[{"hash":2736300668,"value":11.875}]}
15:10:12.653 index.js:4716 console.trace
log @ index.js:4716
onMessage @ index.js:5025
15:10:12.707 index.js:4715 07/04/2025 15:10:12
[socket] SOCKET RECEIVED:
  {"states":[{"hash":1041711882,"value":3.5}]}
15:10:12.707 index.js:4716 console.trace
log @ index.js:4716
onMessage @ index.js:5025
15:10:12.962 index.js:4715 07/04/2025 15:10:12
[socket] SOCKET RECEIVED:
  {"states":[{"hash":3335850172,"value":6}]}
15:10:13.276 index.js:4715 07/04/2025 15:10:13
[socket] SOCKET RECEIVED:
  {"states":[{"hash":1541073354,"value":0.5}]}
15:10:13.340 index.js:4715 07/04/2025 15:10:13
[socket] SOCKET RECEIVED:
  {"states":[{"hash":3132370279,"value":97}]}
15:10:13.395 index.js:4715 07/04/2025 15:10:13
[socket] SOCKET RECEIVED:
  {"states":[{"hash":1951357668,"value":12}]}
15:10:13.396 index.js:4716 console.trace
log @ index.js:4716
onMessage @ index.js:5025
15:10:13.476 index.js:4715 07/04/2025 15:10:13
[socket] SOCKET RECEIVED:
  {"states":[{"hash":3187488644,"value":20}]}
15:10:13.534 index.js:4715 07/04/2025 15:10:13
[socket] SOCKET RECEIVED:
  {"states":[{"hash":3526906192,"value":100}]}
15:10:13.597 index.js:4715 07/04/2025 15:10:13
[socket] SOCKET RECEIVED:
  {"states":[{"hash":1168588921,"value":0}]}
15:10:13.897 index.js:4715 07/04/2025 15:10:13
[socket] SOCKET RECEIVED:
  {"states":[{"hash":3018797200,"value":0}]}
15:10:13.949 index.js:4715 07/04/2025 15:10:13
[socket] SOCKET RECEIVED:
  {"states":[{"hash":313736047,"value":false}]}
15:10:13.999 index.js:4715 07/04/2025 15:10:13
[socket] SOCKET RECEIVED:
  {"states":[{"hash":1291836804,"value":false}]}
15:10:14.195 index.js:4715 07/04/2025 15:10:14
[socket] SOCKET RECEIVED:
  {"states":[{"hash":3772375986,"value":false}]}
15:10:14.195 index.js:4716 console.trace
log @ index.js:4716
onMessage @ index.js:5025
15:10:14.248 index.js:4715 07/04/2025 15:10:14
[socket] SOCKET RECEIVED:
  {"states":[{"hash":1581937258,"value":true}]}
15:10:14.493 index.js:4715 07/04/2025 15:10:14
[socket] SOCKET RECEIVED:
  {"states":[{"hash":4098079457,"value":false}]}
